c:\users\lizhu\source\repos\data\data\x64\debug\vc141.pdb
c:\users\lizhu\source\repos\data\data\x64\debug\vc141.idb
c:\users\lizhu\source\repos\data\data\x64\debug\test.obj
c:\users\lizhu\source\repos\data\data\x64\debug\sequence_list.obj
c:\users\lizhu\source\repos\data\data\x64\debug\link_list.obj
c:\users\lizhu\source\repos\data\data\x64\debug\dlink_list.obj
c:\users\lizhu\source\repos\data\data\x64\debug\sequence_stack.obj
c:\users\lizhu\source\repos\data\data\x64\debug\link_stack.obj
c:\users\lizhu\source\repos\data\data\x64\debug\sequence_queue.obj
c:\users\lizhu\source\repos\data\data\x64\debug\link_queue.obj
c:\users\lizhu\source\repos\data\data\x64\debug\fixed_length_string.obj
c:\users\lizhu\source\repos\data\data\x64\debug\tree.obj
c:\users\lizhu\source\repos\data\x64\debug\data.exe
c:\users\lizhu\source\repos\data\x64\debug\data.ilk
c:\users\lizhu\source\repos\data\x64\debug\data.pdb
c:\users\lizhu\source\repos\data\data\x64\debug\data.tlog\cl.command.1.tlog
c:\users\lizhu\source\repos\data\data\x64\debug\data.tlog\cl.read.1.tlog
c:\users\lizhu\source\repos\data\data\x64\debug\data.tlog\cl.write.1.tlog
c:\users\lizhu\source\repos\data\data\x64\debug\data.tlog\link.command.1.tlog
c:\users\lizhu\source\repos\data\data\x64\debug\data.tlog\link.read.1.tlog
c:\users\lizhu\source\repos\data\data\x64\debug\data.tlog\link.write.1.tlog
